  [1m[35m (518.3ms)[0m  [1m[35mCREATE DATABASE "automaintainer-backend_development" ENCODING = 'unicode'[0m
  ↳ bin/rails:9
  [1m[35m (392.6ms)[0m  [1m[35mCREATE DATABASE "automaintainer-backend_test" ENCODING = 'unicode'[0m
  ↳ bin/rails:9
  [1m[35m (15.4ms)[0m  [1m[35mCREATE TABLE "schema_migrations" ("version" character varying NOT NULL PRIMARY KEY)[0m
  ↳ bin/rails:9
  [1m[35m (46.0ms)[0m  [1m[35mCREATE TABLE "ar_internal_metadata" ("key" character varying NOT NULL PRIMARY KEY, "value" character varying, "created_at" timestamp NOT NULL, "updated_at" timestamp NOT NULL)[0m
  ↳ bin/rails:9
  [1m[35m (41.2ms)[0m  [1m[34mSELECT pg_try_advisory_lock(5429334075558893955)[0m
  ↳ bin/rails:9
  [1m[35m (0.7ms)[0m  [1m[34mSELECT "schema_migrations"."version" FROM "schema_migrations" ORDER BY "schema_migrations"."version" ASC[0m
  ↳ bin/rails:9
Migrating to CreateVehicles (20191007174116)
  [1m[35m (34.8ms)[0m  [1m[35mBEGIN[0m
  ↳ bin/rails:9
  [1m[35m (6.7ms)[0m  [1m[35mCREATE TABLE "vehicles" ("id" bigserial primary key, "year" integer, "make" character varying, "model" character varying, "color" character varying, "owner" character varying, "vin" character varying, "created_at" timestamp NOT NULL, "updated_at" timestamp NOT NULL)[0m
  ↳ db/migrate/20191007174116_create_vehicles.rb:3
  [1m[36mActiveRecord::SchemaMigration Create (0.7ms)[0m  [1m[32mINSERT INTO "schema_migrations" ("version") VALUES ($1) RETURNING "version"[0m  [["version", "20191007174116"]]
  ↳ bin/rails:9
  [1m[35m (0.5ms)[0m  [1m[35mCOMMIT[0m
  ↳ bin/rails:9
Migrating to CreateMaintEvents (20191007194059)
  [1m[35m (39.6ms)[0m  [1m[35mBEGIN[0m
  ↳ bin/rails:9
  [1m[35m (5.6ms)[0m  [1m[35mCREATE TABLE "maint_events" ("id" bigserial primary key, "mileage" integer, "completed" timestamp, "event_type" character varying, "comment" text, "cost" float, "created_at" timestamp NOT NULL, "updated_at" timestamp NOT NULL)[0m
  ↳ db/migrate/20191007194059_create_maint_events.rb:3
  [1m[36mActiveRecord::SchemaMigration Create (0.3ms)[0m  [1m[32mINSERT INTO "schema_migrations" ("version") VALUES ($1) RETURNING "version"[0m  [["version", "20191007194059"]]
  ↳ bin/rails:9
  [1m[35m (0.4ms)[0m  [1m[35mCOMMIT[0m
  ↳ bin/rails:9
  [1m[36mActiveRecord::InternalMetadata Load (0.5ms)[0m  [1m[34mSELECT  "ar_internal_metadata".* FROM "ar_internal_metadata" WHERE "ar_internal_metadata"."key" = $1 LIMIT $2[0m  [["key", "environment"], ["LIMIT", 1]]
  ↳ bin/rails:9
  [1m[35m (0.2ms)[0m  [1m[35mBEGIN[0m
  ↳ bin/rails:9
  [1m[36mActiveRecord::InternalMetadata Create (41.5ms)[0m  [1m[32mINSERT INTO "ar_internal_metadata" ("key", "value", "created_at", "updated_at") VALUES ($1, $2, $3, $4) RETURNING "key"[0m  [["key", "environment"], ["value", "development"], ["created_at", "2019-10-07 19:47:25.761765"], ["updated_at", "2019-10-07 19:47:25.761765"]]
  ↳ bin/rails:9
  [1m[35m (1.4ms)[0m  [1m[35mCOMMIT[0m
  ↳ bin/rails:9
  [1m[35m (0.4ms)[0m  [1m[34mSELECT pg_advisory_unlock(5429334075558893955)[0m
  ↳ bin/rails:9
  [1m[35m (0.7ms)[0m  [1m[34mSELECT "schema_migrations"."version" FROM "schema_migrations" ORDER BY "schema_migrations"."version" ASC[0m
  ↳ bin/rails:9
  [1m[35m (0.7ms)[0m  [1m[34mSELECT "schema_migrations"."version" FROM "schema_migrations" ORDER BY "schema_migrations"."version" ASC[0m
  ↳ bin/rails:9
  [1m[35m (0.4ms)[0m  [1m[34mSELECT "ar_internal_metadata"."value" FROM "ar_internal_metadata" WHERE "ar_internal_metadata"."key" = $1[0m  [["key", "environment"]]
  ↳ bin/rails:9
  [1m[35m (0.2ms)[0m  [1m[34mSELECT "schema_migrations"."version" FROM "schema_migrations" ORDER BY "schema_migrations"."version" ASC[0m
  ↳ bin/rails:9
  [1m[35m (0.2ms)[0m  [1m[34mSELECT "ar_internal_metadata"."value" FROM "ar_internal_metadata" WHERE "ar_internal_metadata"."key" = $1[0m  [["key", "environment"]]
  ↳ bin/rails:9
  [1m[35m (0.2ms)[0m  [1m[34mSELECT "schema_migrations"."version" FROM "schema_migrations" ORDER BY "schema_migrations"."version" ASC[0m
  ↳ bin/rails:9
  [1m[35m (0.2ms)[0m  [1m[34mSELECT "ar_internal_metadata"."value" FROM "ar_internal_metadata" WHERE "ar_internal_metadata"."key" = $1[0m  [["key", "environment"]]
  ↳ bin/rails:9
  [1m[35m (244.5ms)[0m  [1m[35mDROP DATABASE IF EXISTS "automaintainer-backend_development"[0m
  ↳ bin/rails:9
  [1m[35m (197.1ms)[0m  [1m[35mDROP DATABASE IF EXISTS "automaintainer-backend_test"[0m
  ↳ bin/rails:9
  [1m[35m (403.0ms)[0m  [1m[35mCREATE DATABASE "automaintainer-backend_development" ENCODING = 'unicode'[0m
  ↳ bin/rails:9
  [1m[35m (424.7ms)[0m  [1m[35mCREATE DATABASE "automaintainer-backend_test" ENCODING = 'unicode'[0m
  ↳ bin/rails:9
  [1m[35m (5.3ms)[0m  [1m[35mCREATE TABLE "schema_migrations" ("version" character varying NOT NULL PRIMARY KEY)[0m
  ↳ bin/rails:9
  [1m[35m (2.7ms)[0m  [1m[35mCREATE TABLE "ar_internal_metadata" ("key" character varying NOT NULL PRIMARY KEY, "value" character varying, "created_at" timestamp NOT NULL, "updated_at" timestamp NOT NULL)[0m
  ↳ bin/rails:9
  [1m[35m (0.2ms)[0m  [1m[34mSELECT pg_try_advisory_lock(5429334075558893955)[0m
  ↳ bin/rails:9
  [1m[35m (0.5ms)[0m  [1m[34mSELECT "schema_migrations"."version" FROM "schema_migrations" ORDER BY "schema_migrations"."version" ASC[0m
  ↳ bin/rails:9
Migrating to CreateVehicles (20191007174116)
  [1m[35m (0.1ms)[0m  [1m[35mBEGIN[0m
  ↳ bin/rails:9
  [1m[35m (4.1ms)[0m  [1m[35mCREATE TABLE "vehicles" ("id" bigserial primary key, "year" integer, "make" character varying, "model" character varying, "color" character varying, "owner" character varying, "vin" character varying, "created_at" timestamp NOT NULL, "updated_at" timestamp NOT NULL)[0m
  ↳ db/migrate/20191007174116_create_vehicles.rb:3
  [1m[36mActiveRecord::SchemaMigration Create (0.5ms)[0m  [1m[32mINSERT INTO "schema_migrations" ("version") VALUES ($1) RETURNING "version"[0m  [["version", "20191007174116"]]
  ↳ bin/rails:9
  [1m[35m (0.5ms)[0m  [1m[35mCOMMIT[0m
  ↳ bin/rails:9
Migrating to CreateMaintEvents (20191007194059)
  [1m[35m (40.0ms)[0m  [1m[35mBEGIN[0m
  ↳ bin/rails:9
  [1m[35m (6.3ms)[0m  [1m[35mCREATE TABLE "maint_events" ("id" bigserial primary key, "mileage" integer, "completed" timestamp, "event_type" character varying, "comment" text, "cost" float, "vehicle_id" integer, "created_at" timestamp NOT NULL, "updated_at" timestamp NOT NULL)[0m
  ↳ db/migrate/20191007194059_create_maint_events.rb:3
  [1m[36mActiveRecord::SchemaMigration Create (0.3ms)[0m  [1m[32mINSERT INTO "schema_migrations" ("version") VALUES ($1) RETURNING "version"[0m  [["version", "20191007194059"]]
  ↳ bin/rails:9
  [1m[35m (0.4ms)[0m  [1m[35mCOMMIT[0m
  ↳ bin/rails:9
  [1m[36mActiveRecord::InternalMetadata Load (0.4ms)[0m  [1m[34mSELECT  "ar_internal_metadata".* FROM "ar_internal_metadata" WHERE "ar_internal_metadata"."key" = $1 LIMIT $2[0m  [["key", "environment"], ["LIMIT", 1]]
  ↳ bin/rails:9
  [1m[35m (0.1ms)[0m  [1m[35mBEGIN[0m
  ↳ bin/rails:9
  [1m[36mActiveRecord::InternalMetadata Create (0.4ms)[0m  [1m[32mINSERT INTO "ar_internal_metadata" ("key", "value", "created_at", "updated_at") VALUES ($1, $2, $3, $4) RETURNING "key"[0m  [["key", "environment"], ["value", "development"], ["created_at", "2019-10-07 19:48:56.993098"], ["updated_at", "2019-10-07 19:48:56.993098"]]
  ↳ bin/rails:9
  [1m[35m (0.5ms)[0m  [1m[35mCOMMIT[0m
  ↳ bin/rails:9
  [1m[35m (0.4ms)[0m  [1m[34mSELECT pg_advisory_unlock(5429334075558893955)[0m
  ↳ bin/rails:9
  [1m[35m (0.6ms)[0m  [1m[34mSELECT "schema_migrations"."version" FROM "schema_migrations" ORDER BY "schema_migrations"."version" ASC[0m
  ↳ bin/rails:9
  [1m[35m (0.2ms)[0m  [1m[35mBEGIN[0m
  [1m[36mVehicle Create (1.1ms)[0m  [1m[32mINSERT INTO "vehicles" ("year", "make", "model", "color", "owner", "vin", "created_at", "updated_at") VALUES ($1, $2, $3, $4, $5, $6, $7, $8) RETURNING "id"[0m  [["year", 2018], ["make", "Chevy"], ["model", "Cobalt"], ["color", "Red"], ["owner", "Jeremy Rode"], ["vin", "1G2323F60212332"], ["created_at", "2019-10-07 19:54:03.101693"], ["updated_at", "2019-10-07 19:54:03.101693"]]
  [1m[36mMaintEvent Create (1.2ms)[0m  [1m[32mINSERT INTO "maint_events" ("mileage", "event_type", "comment", "cost", "vehicle_id", "created_at", "updated_at") VALUES ($1, $2, $3, $4, $5, $6, $7) RETURNING "id"[0m  [["mileage", 12000], ["event_type", "Oil Change"], ["comment", "Standard Oil Change"], ["cost", 59.34], ["vehicle_id", 1], ["created_at", "2019-10-07 19:54:03.105691"], ["updated_at", "2019-10-07 19:54:03.105691"]]
  [1m[35m (0.3ms)[0m  [1m[35mCOMMIT[0m
  [1m[36mMaintEvent Load (0.4ms)[0m  [1m[34mSELECT "maint_events".* FROM "maint_events" WHERE "maint_events"."vehicle_id" = $1[0m  [["vehicle_id", 1]]
  [1m[35m (0.2ms)[0m  [1m[35mBEGIN[0m
  [1m[36mVehicle Destroy (0.6ms)[0m  [1m[31mDELETE FROM "vehicles" WHERE "vehicles"."id" = $1[0m  [["id", 1]]
  [1m[35m (1.1ms)[0m  [1m[35mCOMMIT[0m
  [1m[36mMaintEvent Exists (0.5ms)[0m  [1m[34mSELECT  1 AS one FROM "maint_events" LIMIT $1[0m  [["LIMIT", 1]]
  [1m[36mMaintEvent Load (0.3ms)[0m  [1m[34mSELECT "maint_events".* FROM "maint_events"[0m
  [1m[36mMaintEvent Load (0.4ms)[0m  [1m[34mSELECT  "maint_events".* FROM "maint_events" ORDER BY "maint_events"."id" ASC LIMIT $1[0m  [["LIMIT", 1]]
  [1m[35m (0.1ms)[0m  [1m[35mBEGIN[0m
  [1m[36mMaintEvent Destroy (0.3ms)[0m  [1m[31mDELETE FROM "maint_events" WHERE "maint_events"."id" = $1[0m  [["id", 1]]
  [1m[35m (1.0ms)[0m  [1m[35mCOMMIT[0m
  [1m[36mMaintEvent Exists (0.4ms)[0m  [1m[34mSELECT  1 AS one FROM "maint_events" LIMIT $1[0m  [["LIMIT", 1]]
  [1m[36mVehicle Exists (0.5ms)[0m  [1m[34mSELECT  1 AS one FROM "vehicles" LIMIT $1[0m  [["LIMIT", 1]]
  [1m[35m (0.2ms)[0m  [1m[35mBEGIN[0m
  [1m[36mVehicle Create (0.7ms)[0m  [1m[32mINSERT INTO "vehicles" ("year", "created_at", "updated_at") VALUES ($1, $2, $3) RETURNING "id"[0m  [["year", 1997], ["created_at", "2019-10-07 20:10:33.442163"], ["updated_at", "2019-10-07 20:10:33.442163"]]
  [1m[35m (1.3ms)[0m  [1m[35mCOMMIT[0m
  [1m[35m (0.2ms)[0m  [1m[35mBEGIN[0m
  [1m[35m (0.2ms)[0m  [1m[31mROLLBACK[0m
  [1m[35m (0.2ms)[0m  [1m[35mBEGIN[0m
  [1m[36mVehicle Create (0.4ms)[0m  [1m[32mINSERT INTO "vehicles" ("year", "created_at", "updated_at") VALUES ($1, $2, $3) RETURNING "id"[0m  [["year", 2020], ["created_at", "2019-10-07 20:11:11.160899"], ["updated_at", "2019-10-07 20:11:11.160899"]]
  [1m[35m (1.0ms)[0m  [1m[35mCOMMIT[0m
  [1m[35m (0.2ms)[0m  [1m[35mBEGIN[0m
  [1m[35m (0.2ms)[0m  [1m[31mROLLBACK[0m
  [1m[35m (0.2ms)[0m  [1m[35mBEGIN[0m
  [1m[36mVehicle Create (0.4ms)[0m  [1m[32mINSERT INTO "vehicles" ("year", "created_at", "updated_at") VALUES ($1, $2, $3) RETURNING "id"[0m  [["year", 1875], ["created_at", "2019-10-07 20:12:06.744066"], ["updated_at", "2019-10-07 20:12:06.744066"]]
  [1m[35m (1.0ms)[0m  [1m[35mCOMMIT[0m
  [1m[35m (0.1ms)[0m  [1m[35mBEGIN[0m
  [1m[35m (0.1ms)[0m  [1m[35mCOMMIT[0m
  [1m[35m (0.2ms)[0m  [1m[35mBEGIN[0m
  [1m[35m (0.2ms)[0m  [1m[31mROLLBACK[0m
  [1m[35m (0.2ms)[0m  [1m[35mBEGIN[0m
  [1m[35m (0.2ms)[0m  [1m[31mROLLBACK[0m
  [1m[35m (0.2ms)[0m  [1m[35mBEGIN[0m
  [1m[35m (0.2ms)[0m  [1m[31mROLLBACK[0m
  [1m[35m (0.2ms)[0m  [1m[35mBEGIN[0m
  [1m[36mVehicle Create (0.4ms)[0m  [1m[32mINSERT INTO "vehicles" ("year", "make", "model", "color", "created_at", "updated_at") VALUES ($1, $2, $3, $4, $5, $6) RETURNING "id"[0m  [["year", 1971], ["make", "Chevy"], ["model", "Custom/10"], ["color", "Gold"], ["created_at", "2019-10-07 20:17:35.789213"], ["updated_at", "2019-10-07 20:17:35.789213"]]
  [1m[35m (1.0ms)[0m  [1m[35mCOMMIT[0m
  [1m[35m (0.2ms)[0m  [1m[35mBEGIN[0m
  [1m[35m (0.2ms)[0m  [1m[31mROLLBACK[0m
  [1m[35m (0.2ms)[0m  [1m[35mBEGIN[0m
  [1m[35m (0.2ms)[0m  [1m[31mROLLBACK[0m
  [1m[35m (0.2ms)[0m  [1m[35mBEGIN[0m
  [1m[35m (0.2ms)[0m  [1m[31mROLLBACK[0m
  [1m[35m (0.1ms)[0m  [1m[35mBEGIN[0m
  [1m[35m (0.2ms)[0m  [1m[31mROLLBACK[0m
  [1m[35m (0.2ms)[0m  [1m[35mBEGIN[0m
  [1m[35m (0.2ms)[0m  [1m[31mROLLBACK[0m
  [1m[35m (0.2ms)[0m  [1m[35mBEGIN[0m
  [1m[35m (0.2ms)[0m  [1m[31mROLLBACK[0m
  [1m[35m (0.2ms)[0m  [1m[35mBEGIN[0m
  [1m[35m (0.2ms)[0m  [1m[31mROLLBACK[0m
  [1m[35m (0.1ms)[0m  [1m[35mBEGIN[0m
  [1m[35m (0.1ms)[0m  [1m[31mROLLBACK[0m
  [1m[35m (0.2ms)[0m  [1m[35mBEGIN[0m
  [1m[35m (0.2ms)[0m  [1m[31mROLLBACK[0m
  [1m[35m (0.2ms)[0m  [1m[35mBEGIN[0m
  [1m[35m (0.2ms)[0m  [1m[31mROLLBACK[0m
  [1m[35m (0.1ms)[0m  [1m[35mBEGIN[0m
  [1m[35m (0.2ms)[0m  [1m[31mROLLBACK[0m
  [1m[35m (0.2ms)[0m  [1m[35mBEGIN[0m
  [1m[36mVehicle Load (0.5ms)[0m  [1m[34mSELECT  "vehicles".* FROM "vehicles" WHERE "vehicles"."id" = $1 LIMIT $2[0m  [["id", 1], ["LIMIT", 1]]
  [1m[35m (0.2ms)[0m  [1m[31mROLLBACK[0m
  [1m[35m (0.2ms)[0m  [1m[35mBEGIN[0m
  [1m[35m (0.2ms)[0m  [1m[31mROLLBACK[0m
  [1m[35m (0.2ms)[0m  [1m[35mBEGIN[0m
  [1m[35m (0.2ms)[0m  [1m[31mROLLBACK[0m
  [1m[35m (0.1ms)[0m  [1m[35mBEGIN[0m
  [1m[35m (0.1ms)[0m  [1m[31mROLLBACK[0m
  [1m[35m (0.2ms)[0m  [1m[35mBEGIN[0m
  [1m[36mVehicle Load (0.5ms)[0m  [1m[34mSELECT  "vehicles".* FROM "vehicles" WHERE "vehicles"."id" = $1 LIMIT $2[0m  [["id", 1], ["LIMIT", 1]]
  [1m[35m (0.2ms)[0m  [1m[31mROLLBACK[0m
  [1m[35m (0.2ms)[0m  [1m[35mBEGIN[0m
  [1m[36mVehicle Create (0.5ms)[0m  [1m[32mINSERT INTO "vehicles" ("year", "make", "model", "color", "created_at", "updated_at") VALUES ($1, $2, $3, $4, $5, $6) RETURNING "id"[0m  [["year", 1997], ["make", "Chevy"], ["model", "Sedan"], ["color", "blue"], ["created_at", "2019-10-07 20:35:52.043069"], ["updated_at", "2019-10-07 20:35:52.043069"]]
  [1m[35m (40.7ms)[0m  [1m[35mCOMMIT[0m
  [1m[36mVehicle Exists (0.5ms)[0m  [1m[34mSELECT  1 AS one FROM "vehicles" LIMIT $1[0m  [["LIMIT", 1]]
  [1m[36mVehicle Load (0.3ms)[0m  [1m[34mSELECT "vehicles".* FROM "vehicles"[0m
  [1m[35m (0.2ms)[0m  [1m[35mBEGIN[0m
  [1m[36mVehicle Load (0.3ms)[0m  [1m[34mSELECT  "vehicles".* FROM "vehicles" WHERE "vehicles"."id" = $1 LIMIT $2[0m  [["id", 5], ["LIMIT", 1]]
  [1m[36mMaintEvent Create (0.6ms)[0m  [1m[32mINSERT INTO "maint_events" ("mileage", "vehicle_id", "created_at", "updated_at") VALUES ($1, $2, $3, $4) RETURNING "id"[0m  [["mileage", 100], ["vehicle_id", 5], ["created_at", "2019-10-07 20:36:46.819410"], ["updated_at", "2019-10-07 20:36:46.819410"]]
  [1m[35m (1.0ms)[0m  [1m[35mCOMMIT[0m
  [1m[35m (0.2ms)[0m  [1m[35mBEGIN[0m
  [1m[36mMaintEvent Destroy (0.5ms)[0m  [1m[31mDELETE FROM "maint_events" WHERE "maint_events"."id" = $1[0m  [["id", 2]]
  [1m[35m (1.0ms)[0m  [1m[35mCOMMIT[0m
  [1m[35m (0.2ms)[0m  [1m[35mBEGIN[0m
  [1m[36mVehicle Load (0.3ms)[0m  [1m[34mSELECT  "vehicles".* FROM "vehicles" WHERE "vehicles"."id" = $1 LIMIT $2[0m  [["id", 5], ["LIMIT", 1]]
  [1m[35m (0.2ms)[0m  [1m[31mROLLBACK[0m
  [1m[35m (0.2ms)[0m  [1m[35mBEGIN[0m
  [1m[35m (0.2ms)[0m  [1m[31mROLLBACK[0m
  [1m[35m (0.2ms)[0m  [1m[35mBEGIN[0m
  [1m[36mMaintEvent Create (0.4ms)[0m  [1m[32mINSERT INTO "maint_events" ("mileage", "vehicle_id", "created_at", "updated_at") VALUES ($1, $2, $3, $4) RETURNING "id"[0m  [["mileage", 1000000], ["vehicle_id", 5], ["created_at", "2019-10-07 20:37:44.054731"], ["updated_at", "2019-10-07 20:37:44.054731"]]
  [1m[35m (40.4ms)[0m  [1m[35mCOMMIT[0m
  [1m[35m (0.2ms)[0m  [1m[35mBEGIN[0m
  [1m[36mVehicle Load (0.5ms)[0m  [1m[34mSELECT  "vehicles".* FROM "vehicles" WHERE "vehicles"."id" = $1 LIMIT $2[0m  [["id", 5], ["LIMIT", 1]]
  [1m[36mMaintEvent Create (0.7ms)[0m  [1m[32mINSERT INTO "maint_events" ("mileage", "vehicle_id", "created_at", "updated_at") VALUES ($1, $2, $3, $4) RETURNING "id"[0m  [["mileage", 100000], ["vehicle_id", 5], ["created_at", "2019-10-07 20:38:39.978092"], ["updated_at", "2019-10-07 20:38:39.978092"]]
  [1m[35m (1.2ms)[0m  [1m[35mCOMMIT[0m
  [1m[35m (0.2ms)[0m  [1m[35mBEGIN[0m
  [1m[36mVehicle Load (0.4ms)[0m  [1m[34mSELECT  "vehicles".* FROM "vehicles" WHERE "vehicles"."id" = $1 LIMIT $2[0m  [["id", 5], ["LIMIT", 1]]
  [1m[36mMaintEvent Create (0.4ms)[0m  [1m[32mINSERT INTO "maint_events" ("mileage", "vehicle_id", "created_at", "updated_at") VALUES ($1, $2, $3, $4) RETURNING "id"[0m  [["mileage", 0], ["vehicle_id", 5], ["created_at", "2019-10-07 20:39:07.505404"], ["updated_at", "2019-10-07 20:39:07.505404"]]
  [1m[35m (1.0ms)[0m  [1m[35mCOMMIT[0m
  [1m[35m (0.2ms)[0m  [1m[35mBEGIN[0m
  [1m[36mVehicle Load (0.3ms)[0m  [1m[34mSELECT  "vehicles".* FROM "vehicles" WHERE "vehicles"."id" = $1 LIMIT $2[0m  [["id", 5], ["LIMIT", 1]]
  [1m[36mMaintEvent Create (0.4ms)[0m  [1m[32mINSERT INTO "maint_events" ("mileage", "vehicle_id", "created_at", "updated_at") VALUES ($1, $2, $3, $4) RETURNING "id"[0m  [["mileage", -9], ["vehicle_id", 5], ["created_at", "2019-10-07 20:39:23.603275"], ["updated_at", "2019-10-07 20:39:23.603275"]]
  [1m[35m (1.1ms)[0m  [1m[35mCOMMIT[0m
  [1m[35m (0.2ms)[0m  [1m[35mBEGIN[0m
  [1m[36mVehicle Load (0.3ms)[0m  [1m[34mSELECT  "vehicles".* FROM "vehicles" WHERE "vehicles"."id" = $1 LIMIT $2[0m  [["id", 5], ["LIMIT", 1]]
  [1m[35m (0.2ms)[0m  [1m[31mROLLBACK[0m
  [1m[35m (0.2ms)[0m  [1m[35mBEGIN[0m
  [1m[36mMaintEvent Create (0.4ms)[0m  [1m[32mINSERT INTO "maint_events" ("mileage", "event_type", "vehicle_id", "created_at", "updated_at") VALUES ($1, $2, $3, $4, $5) RETURNING "id"[0m  [["mileage", 30000], ["event_type", "Oil Change"], ["vehicle_id", 5], ["created_at", "2019-10-07 20:40:22.354082"], ["updated_at", "2019-10-07 20:40:22.354082"]]
  [1m[35m (1.0ms)[0m  [1m[35mCOMMIT[0m
  [1m[35m (0.2ms)[0m  [1m[35mBEGIN[0m
  [1m[36mVehicle Load (0.4ms)[0m  [1m[34mSELECT  "vehicles".* FROM "vehicles" WHERE "vehicles"."id" = $1 LIMIT $2[0m  [["id", 6], ["LIMIT", 1]]
  [1m[36mMaintEvent Create (0.4ms)[0m  [1m[32mINSERT INTO "maint_events" ("mileage", "vehicle_id", "created_at", "updated_at") VALUES ($1, $2, $3, $4) RETURNING "id"[0m  [["mileage", 340000], ["vehicle_id", 6], ["created_at", "2019-10-07 20:41:04.227674"], ["updated_at", "2019-10-07 20:41:04.227674"]]
  [1m[35m (1.0ms)[0m  [1m[35mCOMMIT[0m
  [1m[35m (0.2ms)[0m  [1m[35mBEGIN[0m
  [1m[36mVehicle Load (0.3ms)[0m  [1m[34mSELECT  "vehicles".* FROM "vehicles" WHERE "vehicles"."id" = $1 LIMIT $2[0m  [["id", 6], ["LIMIT", 1]]
  [1m[35m (0.2ms)[0m  [1m[31mROLLBACK[0m
  [1m[35m (0.1ms)[0m  [1m[35mBEGIN[0m
  [1m[36mMaintEvent Create (0.3ms)[0m  [1m[32mINSERT INTO "maint_events" ("mileage", "event_type", "vehicle_id", "created_at", "updated_at") VALUES ($1, $2, $3, $4, $5) RETURNING "id"[0m  [["mileage", 340000], ["event_type", "Transmission Rebuild"], ["vehicle_id", 6], ["created_at", "2019-10-07 20:41:50.050732"], ["updated_at", "2019-10-07 20:41:50.050732"]]
  [1m[35m (40.8ms)[0m  [1m[35mCOMMIT[0m
  [1m[35m (0.1ms)[0m  [1m[35mBEGIN[0m
  [1m[36mVehicle Load (0.2ms)[0m  [1m[34mSELECT  "vehicles".* FROM "vehicles" WHERE "vehicles"."id" = $1 LIMIT $2[0m  [["id", 6], ["LIMIT", 1]]
  [1m[35m (0.3ms)[0m  [1m[31mROLLBACK[0m
  [1m[35m (0.2ms)[0m  [1m[35mBEGIN[0m
  [1m[36mMaintEvent Create (0.5ms)[0m  [1m[32mINSERT INTO "maint_events" ("mileage", "event_type", "cost", "vehicle_id", "created_at", "updated_at") VALUES ($1, $2, $3, $4, $5, $6) RETURNING "id"[0m  [["mileage", 67788], ["event_type", "Troubleshooting"], ["cost", 57.99], ["vehicle_id", 6], ["created_at", "2019-10-07 20:43:41.837957"], ["updated_at", "2019-10-07 20:43:41.837957"]]
  [1m[35m (40.3ms)[0m  [1m[35mCOMMIT[0m
  [1m[35m (0.2ms)[0m  [1m[35mBEGIN[0m
  [1m[36mMaintEvent Update (41.7ms)[0m  [1m[33mUPDATE "maint_events" SET "cost" = $1, "updated_at" = $2 WHERE "maint_events"."id" = $3[0m  [["cost", 0.0], ["updated_at", "2019-10-07 20:44:08.040679"], ["id", 10]]
  [1m[35m (40.0ms)[0m  [1m[35mCOMMIT[0m
  [1m[35m (0.2ms)[0m  [1m[35mBEGIN[0m
  [1m[35m (0.2ms)[0m  [1m[31mROLLBACK[0m
  [1m[35m (0.1ms)[0m  [1m[35mBEGIN[0m
  [1m[36mMaintEvent Update (0.4ms)[0m  [1m[33mUPDATE "maint_events" SET "cost" = $1, "updated_at" = $2 WHERE "maint_events"."id" = $3[0m  [["cost", 87.88], ["updated_at", "2019-10-07 20:46:03.066341"], ["id", 10]]
  [1m[35m (1.0ms)[0m  [1m[35mCOMMIT[0m
  [1m[35m (0.2ms)[0m  [1m[35mBEGIN[0m
  [1m[36mVehicle Load (0.5ms)[0m  [1m[34mSELECT  "vehicles".* FROM "vehicles" WHERE "vehicles"."id" = $1 LIMIT $2[0m  [["id", 6], ["LIMIT", 1]]
  [1m[35m (0.2ms)[0m  [1m[31mROLLBACK[0m
  [1m[35m (0.2ms)[0m  [1m[35mBEGIN[0m
  [1m[36mMaintEvent Create (0.7ms)[0m  [1m[32mINSERT INTO "maint_events" ("mileage", "completed", "event_type", "cost", "vehicle_id", "created_at", "updated_at") VALUES ($1, $2, $3, $4, $5, $6, $7) RETURNING "id"[0m  [["mileage", 67788], ["completed", "2019-10-07 20:47:09.835568"], ["event_type", "Troubleshooting"], ["cost", 88.89], ["vehicle_id", 6], ["created_at", "2019-10-07 20:47:13.992056"], ["updated_at", "2019-10-07 20:47:13.992056"]]
  [1m[35m (1.1ms)[0m  [1m[35mCOMMIT[0m
  [1m[36mVehicle Load (0.4ms)[0m  [1m[34mSELECT  "vehicles".* FROM "vehicles" ORDER BY "vehicles"."id" DESC LIMIT $1[0m  [["LIMIT", 1]]
  [1m[36mMaintEvent Exists (0.5ms)[0m  [1m[34mSELECT  1 AS one FROM "maint_events" WHERE "maint_events"."vehicle_id" = $1 LIMIT $2[0m  [["vehicle_id", 6], ["LIMIT", 1]]
  [1m[36mMaintEvent Load (0.2ms)[0m  [1m[34mSELECT "maint_events".* FROM "maint_events" WHERE "maint_events"."vehicle_id" = $1[0m  [["vehicle_id", 6]]
